#
# There is insufficient memory for the Java Runtime Environment to continue.
# Native memory allocation (malloc) failed to allocate 32744 bytes for ChunkPool::allocate
# Possible reasons:
#   The system is out of physical RAM or swap space
#   In 32 bit mode, the process size limit was hit
# Possible solutions:
#   Reduce memory load on the system
#   Increase physical memory or swap space
#   Check if swap backing store is full
#   Use 64 bit Java on a 64 bit OS
#   Decrease Java heap size (-Xmx/-Xms)
#   Decrease number of Java threads
#   Decrease Java thread stack sizes (-Xss)
#   Set larger code cache with -XX:ReservedCodeCacheSize=
# This output file may be truncated or incomplete.
#
#  Out of Memory Error (allocation.cpp:273), pid=4948, tid=0x0000000000001ac4
#
# JRE version: Java(TM) SE Runtime Environment (8.0_181-b13) (build 1.8.0_181-b13)
# Java VM: Java HotSpot(TM) 64-Bit Server VM (25.181-b13 mixed mode windows-amd64 compressed oops)
# Failed to write core dump. Minidumps are not enabled by default on client versions of Windows
#

---------------  T H R E A D  ---------------

Current thread (0x000000001e6ec000):  JavaThread "C2 CompilerThread0" daemon [_thread_in_native, id=6852, stack(0x000000001eee0000,0x000000001efe0000)]

Stack: [0x000000001eee0000,0x000000001efe0000]
[error occurred during error reporting (printing stack bounds), id 0xc0000005]

Native frames: (J=compiled Java code, j=interpreted, Vv=VM code, C=native code)


Current CompileTask:
C2:   1182 1818       4       org.apache.maven.model.io.xpp3.MavenXpp3Reader::checkFieldWithDuplicate (75 bytes)


---------------  P R O C E S S  ---------------

Java Threads: ( => current thread )
  0x000000001e784800 JavaThread "Service Thread" daemon [_thread_blocked, id=7328, stack(0x000000001f2e0000,0x000000001f3e0000)]
  0x000000001e6fe800 JavaThread "C1 CompilerThread3" daemon [_thread_in_native, id=14120, stack(0x000000001f1e0000,0x000000001f2e0000)]
  0x000000001e6fa800 JavaThread "C2 CompilerThread2" daemon [_thread_in_native, id=15932, stack(0x000000001f0e0000,0x000000001f1e0000)]
  0x000000001e6f4800 JavaThread "C2 CompilerThread1" daemon [_thread_in_native, id=2756, stack(0x000000001efe0000,0x000000001f0e0000)]
=>0x000000001e6ec000 JavaThread "C2 CompilerThread0" daemon [_thread_in_native, id=6852, stack(0x000000001eee0000,0x000000001efe0000)]
  0x000000001e6ea800 JavaThread "Attach Listener" daemon [_thread_blocked, id=10304, stack(0x000000001ede0000,0x000000001eee0000)]
  0x000000001e6e8800 JavaThread "Signal Dispatcher" daemon [_thread_blocked, id=12772, stack(0x000000001ece0000,0x000000001ede0000)]
  0x000000001e6e1800 JavaThread "Finalizer" daemon [_thread_blocked, id=14628, stack(0x000000001eac0000,0x000000001ebc0000)]
  0x0000000002cc9000 JavaThread "Reference Handler" daemon [_thread_blocked, id=9936, stack(0x000000001e5c0000,0x000000001e6c0000)]
  0x0000000002bd2800 JavaThread "main" [_thread_in_native, id=13376, stack(0x0000000002a70000,0x0000000002b70000)]

Other Threads:
  0x000000001c7b9800 VMThread [stack: 0x000000001e4c0000,0x000000001e5c0000] [id=10928]
  0x000000001e79f800 WatcherThread [stack: 0x000000001f3e0000,0x000000001f4e0000] [id=3568]

VM state:not at safepoint (normal execution)

VM Mutex/Monitor currently owned by a thread: None

Heap:
 PSYoungGen      total 76288K, used 38083K [0x000000076b400000, 0x0000000770900000, 0x00000007c0000000)
  eden space 65536K, 41% used [0x000000076b400000,0x000000076ced9af0,0x000000076f400000)
  from space 10752K, 98% used [0x000000076f400000,0x000000076fe57230,0x000000076fe80000)
  to   space 10752K, 0% used [0x000000076fe80000,0x000000076fe80000,0x0000000770900000)
 ParOldGen       total 175104K, used 16K [0x00000006c1c00000, 0x00000006cc700000, 0x000000076b400000)
  object space 175104K, 0% used [0x00000006c1c00000,0x00000006c1c04000,0x00000006cc700000)
 Metaspace       used 15012K, capacity 15364K, committed 15616K, reserved 1062912K
  class space    used 1855K, capacity 1949K, committed 2048K, reserved 1048576K

Card table byte_map: [0x0000000012160000,0x0000000012960000] byte_map_base: 0x000000000eb52000

Marking Bits: (ParMarkBitMap*) 0x0000000062342d00
 Begin Bits: [0x00000000136b0000, 0x0000000017640000)
 End Bits:   [0x0000000017640000, 0x000000001b5d0000)

Polling page: 0x00000000009f0000

CodeCache: size=245760Kb used=6280Kb max_used=6280Kb free=239479Kb
 bounds [0x0000000002da0000, 0x00000000033d0000, 0x0000000011da0000]
 total_blobs=2167 nmethods=1825 adapters=254
 compilation: enabled

Compilation events (10 events):
Event: 1.176 Thread 0x000000001e6fe800 nmethod 1829 0x00000000033b7550 code [0x00000000033b76c0, 0x00000000033b7908]
Event: 1.176 Thread 0x000000001e6fe800 1830       3       java.io.WinNTFileSystem::parentOrNull (171 bytes)
Event: 1.177 Thread 0x000000001e6fe800 nmethod 1830 0x00000000033b79d0 code [0x00000000033b7c00, 0x00000000033b8a58]
Event: 1.178 Thread 0x000000001e6fe800 1831       3       sun.reflect.ClassFileAssembler::setStack (25 bytes)
Event: 1.178 Thread 0x000000001e6fe800 nmethod 1831 0x00000000033b9010 code [0x00000000033b9160, 0x00000000033b92f0]
Event: 1.178 Thread 0x000000001e6fe800 1832       3       sun.reflect.ClassFileAssembler::incStack (11 bytes)
Event: 1.178 Thread 0x000000001e6fe800 nmethod 1832 0x00000000033b9350 code [0x00000000033b94c0, 0x00000000033b96d0]
Event: 1.178 Thread 0x000000001e6fe800 1833       1       java.util.Collections::emptyList (4 bytes)
Event: 1.178 Thread 0x000000001e6fe800 nmethod 1833 0x00000000033b9790 code [0x00000000033b98e0, 0x00000000033b99d0]
Event: 1.179 Thread 0x000000001e6fe800 1834   !   3       java.io.WinNTFileSystem::resolve (362 bytes)

GC Heap History (2 events):
Event: 0.757 GC heap before
{Heap before GC invocations=1 (full 0):
 PSYoungGen      total 76288K, used 65536K [0x000000076b400000, 0x0000000770900000, 0x00000007c0000000)
  eden space 65536K, 100% used [0x000000076b400000,0x000000076f400000,0x000000076f400000)
  from space 10752K, 0% used [0x000000076fe80000,0x000000076fe80000,0x0000000770900000)
  to   space 10752K, 0% used [0x000000076f400000,0x000000076f400000,0x000000076fe80000)
 ParOldGen       total 175104K, used 0K [0x00000006c1c00000, 0x00000006cc700000, 0x000000076b400000)
  object space 175104K, 0% used [0x00000006c1c00000,0x00000006c1c00000,0x00000006cc700000)
 Metaspace       used 12012K, capacity 12200K, committed 12416K, reserved 1060864K
  class space    used 1529K, capacity 1611K, committed 1664K, reserved 1048576K
Event: 0.764 GC heap after
Heap after GC invocations=1 (full 0):
 PSYoungGen      total 76288K, used 10588K [0x000000076b400000, 0x0000000770900000, 0x00000007c0000000)
  eden space 65536K, 0% used [0x000000076b400000,0x000000076b400000,0x000000076f400000)
  from space 10752K, 98% used [0x000000076f400000,0x000000076fe57230,0x000000076fe80000)
  to   space 10752K, 0% used [0x000000076fe80000,0x000000076fe80000,0x0000000770900000)
 ParOldGen       total 175104K, used 16K [0x00000006c1c00000, 0x00000006cc700000, 0x000000076b400000)
  object space 175104K, 0% used [0x00000006c1c00000,0x00000006c1c04000,0x00000006cc700000)
 Metaspace       used 12012K, capacity 12200K, committed 12416K, reserved 1060864K
  class space    used 1529K, capacity 1611K, committed 1664K, reserved 1048576K
}

Deoptimization events (10 events):
Event: 0.862 Thread 0x0000000002bd2800 Uncommon trap: reason=unstable_if action=reinterpret pc=0x000000000309f008 method=org.codehaus.plexus.util.xml.pull.MXParser.parseStartTag()I @ 443
Event: 0.935 Thread 0x0000000002bd2800 Uncommon trap: reason=unstable_if action=reinterpret pc=0x0000000002f64c48 method=java.lang.String.replace(CC)Ljava/lang/String; @ 2
Event: 0.983 Thread 0x0000000002bd2800 Uncommon trap: reason=unstable_if action=reinterpret pc=0x0000000002fcb4c4 method=sun.nio.cs.UTF_8$Decoder.decode([BII[C)I @ 30
Event: 0.983 Thread 0x0000000002bd2800 Uncommon trap: reason=unstable_if action=reinterpret pc=0x0000000003046dfc method=sun.nio.cs.UTF_8$Decoder.decodeArrayLoop(Ljava/nio/ByteBuffer;Ljava/nio/CharBuffer;)Ljava/nio/charset/CoderResult; @ 84
Event: 1.011 Thread 0x0000000002bd2800 Uncommon trap: reason=unstable_if action=reinterpret pc=0x00000000032dcdb4 method=org.codehaus.plexus.util.xml.pull.MXParser.nextImpl()I @ 555
Event: 1.030 Thread 0x0000000002bd2800 Uncommon trap: reason=unstable_if action=reinterpret pc=0x000000000311d868 method=java.util.HashMap.hash(Ljava/lang/Object;)I @ 1
Event: 1.031 Thread 0x0000000002bd2800 Uncommon trap: reason=unstable_if action=reinterpret pc=0x00000000030a7328 method=java.util.HashMap.hash(Ljava/lang/Object;)I @ 1
Event: 1.031 Thread 0x0000000002bd2800 Uncommon trap: reason=unstable_if action=reinterpret pc=0x00000000030d3108 method=java.util.HashMap.hash(Ljava/lang/Object;)I @ 1
Event: 1.041 Thread 0x0000000002bd2800 Uncommon trap: reason=unstable_if action=reinterpret pc=0x0000000003325dd0 method=java.lang.String.trim()Ljava/lang/String; @ 63
Event: 1.075 Thread 0x0000000002bd2800 Uncommon trap: reason=unstable_if action=reinterpret pc=0x000000000315184c method=java.util.HashMap.getNode(ILjava/lang/Object;)Ljava/util/HashMap$Node; @ 53

Classes redefined (0 events):
No events

Internal exceptions (10 events):
Event: 0.853 Thread 0x0000000002bd2800 Implicit null exception at 0x0000000002f8ea9b to 0x0000000002f8ec8d
Event: 0.890 Thread 0x0000000002bd2800 Exception <a 'java/lang/NullPointerException'> (0x000000076c09a080) thrown at [C:\re\workspace\8-2-build-windows-amd64-cygwin\jdk8u181\11358\hotspot\src\share\vm\interpreter\linkResolver.cpp, line 1185]
Event: 0.890 Thread 0x0000000002bd2800 Exception <a 'java/lang/NullPointerException'> (0x000000076c09a298) thrown at [C:\re\workspace\8-2-build-windows-amd64-cygwin\jdk8u181\11358\hotspot\src\share\vm\interpreter\linkResolver.cpp, line 1185]
Event: 0.890 Thread 0x0000000002bd2800 Exception <a 'java/lang/NullPointerException'> (0x000000076c09a4b0) thrown at [C:\re\workspace\8-2-build-windows-amd64-cygwin\jdk8u181\11358\hotspot\src\share\vm\interpreter\linkResolver.cpp, line 1185]
Event: 0.891 Thread 0x0000000002bd2800 Exception <a 'java/lang/NullPointerException'> (0x000000076c0aa560) thrown at [C:\re\workspace\8-2-build-windows-amd64-cygwin\jdk8u181\11358\hotspot\src\share\vm\interpreter\linkResolver.cpp, line 1185]
Event: 0.891 Thread 0x0000000002bd2800 Exception <a 'java/lang/NullPointerException'> (0x000000076c0aa778) thrown at [C:\re\workspace\8-2-build-windows-amd64-cygwin\jdk8u181\11358\hotspot\src\share\vm\interpreter\linkResolver.cpp, line 1185]
Event: 0.891 Thread 0x0000000002bd2800 Exception <a 'java/lang/NullPointerException'> (0x000000076c0aa990) thrown at [C:\re\workspace\8-2-build-windows-amd64-cygwin\jdk8u181\11358\hotspot\src\share\vm\interpreter\linkResolver.cpp, line 1185]
Event: 1.030 Thread 0x0000000002bd2800 Implicit null exception at 0x000000000311d655 to 0x000000000311d859
Event: 1.031 Thread 0x0000000002bd2800 Implicit null exception at 0x00000000030a72af to 0x00000000030a7319
Event: 1.031 Thread 0x0000000002bd2800 Implicit null exception at 0x00000000030d2afb to 0x00000000030d30ed

Events (10 events):
Event: 1.099 loading class org/apache/maven/model/Notifier
Event: 1.099 loading class org/apache/maven/model/Notifier done
Event: 1.108 Thread 0x0000000002bd2800 DEOPT PACKING pc=0x000000000331a34b sp=0x0000000002b6c900
Event: 1.108 Thread 0x0000000002bd2800 DEOPT UNPACKING pc=0x0000000002de7890 sp=0x0000000002b6c700 mode 0
Event: 1.128 Thread 0x0000000002bd2800 DEOPT PACKING pc=0x000000000331a34b sp=0x0000000002b6c3a0
Event: 1.128 Thread 0x0000000002bd2800 DEOPT UNPACKING pc=0x0000000002de7890 sp=0x0000000002b6c1a0 mode 0
Event: 1.162 loading class org/eclipse/aether/collection/DependencyManagement
Event: 1.162 loading class org/eclipse/aether/collection/DependencyManagement done
Event: 1.171 loading class sun/nio/cs/ISO_8859_1$Decoder
Event: 1.171 loading class sun/nio/cs/ISO_8859_1$Decoder done


Dynamic libraries:
0x00007ff6613b0000 - 0x00007ff6613e7000 	C:\Program Files\Java\jdk1.8.0_181\bin\java.exe
0x00007ffca9b40000 - 0x00007ffca9d30000 	C:\WINDOWS\SYSTEM32\ntdll.dll
0x00007ffca99a0000 - 0x00007ffca9a52000 	C:\WINDOWS\System32\KERNEL32.DLL
0x00007ffca76f0000 - 0x00007ffca7993000 	C:\WINDOWS\System32\KERNELBASE.dll
0x00007ffca8de0000 - 0x00007ffca8e83000 	C:\WINDOWS\System32\ADVAPI32.dll
0x00007ffca7f50000 - 0x00007ffca7fee000 	C:\WINDOWS\System32\msvcrt.dll
0x00007ffca8be0000 - 0x00007ffca8c77000 	C:\WINDOWS\System32\sechost.dll
0x00007ffca83a0000 - 0x00007ffca84c0000 	C:\WINDOWS\System32\RPCRT4.dll
0x00007ffca8200000 - 0x00007ffca8394000 	C:\WINDOWS\System32\USER32.dll
0x00007ffca7bc0000 - 0x00007ffca7be1000 	C:\WINDOWS\System32\win32u.dll
0x00007ffca84c0000 - 0x00007ffca84e6000 	C:\WINDOWS\System32\GDI32.dll
0x00007ffca7a00000 - 0x00007ffca7b94000 	C:\WINDOWS\System32\gdi32full.dll
0x00007ffca6c20000 - 0x00007ffca6cbe000 	C:\WINDOWS\System32\msvcp_win.dll
0x00007ffca6e40000 - 0x00007ffca6f3a000 	C:\WINDOWS\System32\ucrtbase.dll
0x00007ffca5eb0000 - 0x00007ffca6135000 	C:\WINDOWS\WinSxS\amd64_microsoft.windows.common-controls_6595b64144ccf1df_6.0.18362.720_none_e6beb5c51314836b\COMCTL32.dll
0x00007ffca9660000 - 0x00007ffca9996000 	C:\WINDOWS\System32\combase.dll
0x00007ffca6dc0000 - 0x00007ffca6e40000 	C:\WINDOWS\System32\bcryptPrimitives.dll
0x00007ffca9a60000 - 0x00007ffca9a8e000 	C:\WINDOWS\System32\IMM32.DLL
0x0000000061a40000 - 0x0000000061b12000 	C:\Program Files\Java\jdk1.8.0_181\jre\bin\msvcr100.dll
0x0000000061b20000 - 0x00000000623c2000 	C:\Program Files\Java\jdk1.8.0_181\jre\bin\server\jvm.dll
0x00007ffca8dd0000 - 0x00007ffca8dd8000 	C:\WINDOWS\System32\PSAPI.DLL
0x00007ffca36a0000 - 0x00007ffca36c4000 	C:\WINDOWS\SYSTEM32\WINMM.dll
0x00007ffc89ea0000 - 0x00007ffc89ea9000 	C:\WINDOWS\SYSTEM32\WSOCK32.dll
0x00007ffc9a380000 - 0x00007ffc9a38a000 	C:\WINDOWS\SYSTEM32\VERSION.dll
0x00007ffca9570000 - 0x00007ffca95df000 	C:\WINDOWS\System32\WS2_32.dll
0x00007ffca3670000 - 0x00007ffca369d000 	C:\WINDOWS\SYSTEM32\WINMMBASE.dll
0x00007ffca6d70000 - 0x00007ffca6dba000 	C:\WINDOWS\System32\cfgmgr32.dll
0x00000000619f0000 - 0x00000000619ff000 	C:\Program Files\Java\jdk1.8.0_181\jre\bin\verify.dll
0x00000000619c0000 - 0x00000000619e9000 	C:\Program Files\Java\jdk1.8.0_181\jre\bin\java.dll
0x00000000619a0000 - 0x00000000619b6000 	C:\Program Files\Java\jdk1.8.0_181\jre\bin\zip.dll
0x00007ffca84f0000 - 0x00007ffca8bd5000 	C:\WINDOWS\System32\SHELL32.dll
0x00007ffca8d10000 - 0x00007ffca8db9000 	C:\WINDOWS\System32\shcore.dll
0x00007ffca6f40000 - 0x00007ffca76c0000 	C:\WINDOWS\System32\windows.storage.dll
0x00007ffca6aa0000 - 0x00007ffca6ac3000 	C:\WINDOWS\System32\profapi.dll
0x00007ffca6a10000 - 0x00007ffca6a5a000 	C:\WINDOWS\System32\powrprof.dll
0x00007ffca6a00000 - 0x00007ffca6a10000 	C:\WINDOWS\System32\UMPDC.dll
0x00007ffca9600000 - 0x00007ffca9652000 	C:\WINDOWS\System32\shlwapi.dll
0x00007ffca6a80000 - 0x00007ffca6a91000 	C:\WINDOWS\System32\kernel.appcore.dll
0x00007ffca7ba0000 - 0x00007ffca7bb7000 	C:\WINDOWS\System32\cryptsp.dll
0x0000000061980000 - 0x000000006199a000 	C:\Program Files\Java\jdk1.8.0_181\jre\bin\net.dll
0x00007ffca5b90000 - 0x00007ffca5bf7000 	C:\WINDOWS\system32\mswsock.dll
0x0000000061960000 - 0x0000000061971000 	C:\Program Files\Java\jdk1.8.0_181\jre\bin\nio.dll

VM Arguments:
jvm_args: -Dclassworlds.conf=C:\Program Files\netbeans11\java\maven\bin\m2.conf -Dmaven.home=C:\Program Files\netbeans11\java\maven -Dmaven.multiModuleProjectDirectory=C:\Users\Hemihundias\Desktop\JAVA\MiniDrive 
java_command: org.codehaus.plexus.classworlds.launcher.Launcher -Dexec.args=-classpath %classpath ad.minidrive.Xeral -Dexec.executable=C:\Program Files\Java\jdk1.8.0_181\bin\java.exe -Dmaven.ext.class.path=C:\Program Files\netbeans11\java\maven-nblib\netbeans-eventspy.jar -Dfile.encoding=UTF-8 org.codehaus.mojo:exec-maven-plugin:1.5.0:exec
java_class_path (initial): C:\Program Files\netbeans11\java\maven\boot\plexus-classworlds-2.5.2.jar
Launcher Type: SUN_STANDARD

Environment Variables:
JAVA_HOME=C:\Program Files\Java\jdk1.8.0_181
PATH=C:\Program Files (x86)\Common Files\Oracle\Java\javapath;C:\WINDOWS\system32;C:\WINDOWS;C:\WINDOWS\System32\Wbem;C:\WINDOWS\System32\WindowsPowerShell\v1.0\;C:\WINDOWS\System32\OpenSSH\;C:\Program Files\Git\cmd;C:\Users\Hemihundias\AppData\Local\Microsoft\WindowsApps;C:\Users\Hemihundias\AppData\Local\GitHubDesktop\bin;C:\Program Files\JetBrains\IntelliJ IDEA 2019.2.3\bin;;C:\sqlite;;C:\Users\Hemihundias\AppData\Local\Microsoft\WindowsApps
USERNAME=Hemihundias
OS=Windows_NT
PROCESSOR_IDENTIFIER=Intel64 Family 6 Model 142 Stepping 10, GenuineIntel



---------------  S Y S T E M  ---------------

OS: Windows 10.0 , 64 bit Build 18362 (10.0.18362.329)

CPU:total 8 (initial active 8) (4 cores per cpu, 2 threads per core) family 6 model 142 stepping 10, cmov, cx8, fxsr, mmx, sse, sse2, sse3, ssse3, sse4.1, sse4.2, popcnt, avx, avx2, aes, clmul, erms, 3dnowpref, lzcnt, ht, tsc, tscinvbit, bmi1, bmi2, adx

Memory: 4k page, physical 16658532k(9208492k free), swap 47767300k(5120k free)

vm_info: Java HotSpot(TM) 64-Bit Server VM (25.181-b13) for windows-amd64 JRE (1.8.0_181-b13), built on Jul  7 2018 04:01:33 by "java_re" with MS VC++ 10.0 (VS2010)

time: Fri Apr 03 13:13:14 2020
elapsed time: 1 seconds (0d 0h 0m 1s)

