#
# There is insufficient memory for the Java Runtime Environment to continue.
# Native memory allocation (malloc) failed to allocate 1048576 bytes for AllocateHeap
# Possible reasons:
#   The system is out of physical RAM or swap space
#   In 32 bit mode, the process size limit was hit
# Possible solutions:
#   Reduce memory load on the system
#   Increase physical memory or swap space
#   Check if swap backing store is full
#   Use 64 bit Java on a 64 bit OS
#   Decrease Java heap size (-Xmx/-Xms)
#   Decrease number of Java threads
#   Decrease Java thread stack sizes (-Xss)
#   Set larger code cache with -XX:ReservedCodeCacheSize=
# This output file may be truncated or incomplete.
#
#  Out of Memory Error (memory/allocation.inline.hpp:61), pid=14280, tid=0x000000000000256c
#
# JRE version:  (8.0_181-b13) (build )
# Java VM: Java HotSpot(TM) 64-Bit Server VM (25.181-b13 mixed mode windows-amd64 compressed oops)
# Failed to write core dump. Minidumps are not enabled by default on client versions of Windows
#

---------------  T H R E A D  ---------------

Current thread (0x0000000002c7e800):  JavaThread "Unknown thread" [_thread_in_vm, id=9580, stack(0x0000000002ae0000,0x0000000002be0000)]

Stack: [0x0000000002ae0000,0x0000000002be0000]
[error occurred during error reporting (printing stack bounds), id 0xc0000005]

Native frames: (J=compiled Java code, j=interpreted, Vv=VM code, C=native code)


---------------  P R O C E S S  ---------------

Java Threads: ( => current thread )

Other Threads:

=>0x0000000002c7e800 (exited) JavaThread "Unknown thread" [_thread_in_vm, id=9580, stack(0x0000000002ae0000,0x0000000002be0000)]

VM state:not at safepoint (normal execution)

VM Mutex/Monitor currently owned by a thread: None

Heap:
 PSYoungGen      total 76288K, used 1310K [0x000000076b400000, 0x0000000770900000, 0x00000007c0000000)
  eden space 65536K, 2% used [0x000000076b400000,0x000000076b547af0,0x000000076f400000)
  from space 10752K, 0% used [0x000000076fe80000,0x000000076fe80000,0x0000000770900000)
  to   space 10752K, 0% used [0x000000076f400000,0x000000076f400000,0x000000076fe80000)
 ParOldGen       total 175104K, used 0K [0x00000006c1c00000, 0x00000006cc700000, 0x000000076b400000)
  object space 175104K, 0% used [0x00000006c1c00000,0x00000006c1c00000,0x00000006cc700000)
 Metaspace       used 775K, capacity 4480K, committed 4480K, reserved 1056768K
  class space    used 76K, capacity 384K, committed 384K, reserved 1048576K

Card table byte_map: [0x0000000012180000,0x0000000012980000] byte_map_base: 0x000000000eb72000

Marking Bits: (ParMarkBitMap*) 0x0000000062342d00
 Begin Bits: [0x00000000136d0000, 0x0000000017660000)
 End Bits:   [0x0000000017660000, 0x000000001b5f0000)

Polling page: 0x0000000000e20000

CodeCache: size=245760Kb used=328Kb max_used=328Kb free=245431Kb
 bounds [0x0000000002dc0000, 0x0000000003030000, 0x0000000011dc0000]
 total_blobs=58 nmethods=0 adapters=38
 compilation: enabled

Compilation events (0 events):
No events

GC Heap History (0 events):
No events

Deoptimization events (0 events):
No events

Classes redefined (0 events):
No events

Internal exceptions (0 events):
No events

Events (10 events):
Event: 0.021 loading class java/lang/Short
Event: 0.021 loading class java/lang/Short done
Event: 0.021 loading class java/lang/Integer
Event: 0.021 loading class java/lang/Integer done
Event: 0.021 loading class java/lang/Long
Event: 0.021 loading class java/lang/Long done
Event: 0.021 loading class java/lang/NullPointerException
Event: 0.021 loading class java/lang/NullPointerException done
Event: 0.021 loading class java/lang/ArithmeticException
Event: 0.021 loading class java/lang/ArithmeticException done


Dynamic libraries:
0x00007ff6613b0000 - 0x00007ff6613e7000 	C:\Program Files\Java\jdk1.8.0_181\bin\java.exe
0x00007ffca9b40000 - 0x00007ffca9d30000 	C:\WINDOWS\SYSTEM32\ntdll.dll
0x00007ffca99a0000 - 0x00007ffca9a52000 	C:\WINDOWS\System32\KERNEL32.DLL
0x00007ffca76f0000 - 0x00007ffca7993000 	C:\WINDOWS\System32\KERNELBASE.dll
0x00007ffca8de0000 - 0x00007ffca8e83000 	C:\WINDOWS\System32\ADVAPI32.dll
0x00007ffca7f50000 - 0x00007ffca7fee000 	C:\WINDOWS\System32\msvcrt.dll
0x00007ffca8be0000 - 0x00007ffca8c77000 	C:\WINDOWS\System32\sechost.dll
0x00007ffca83a0000 - 0x00007ffca84c0000 	C:\WINDOWS\System32\RPCRT4.dll
0x00007ffca8200000 - 0x00007ffca8394000 	C:\WINDOWS\System32\USER32.dll
0x00007ffca7bc0000 - 0x00007ffca7be1000 	C:\WINDOWS\System32\win32u.dll
0x00007ffca84c0000 - 0x00007ffca84e6000 	C:\WINDOWS\System32\GDI32.dll
0x00007ffca7a00000 - 0x00007ffca7b94000 	C:\WINDOWS\System32\gdi32full.dll
0x00007ffca6c20000 - 0x00007ffca6cbe000 	C:\WINDOWS\System32\msvcp_win.dll
0x00007ffca6e40000 - 0x00007ffca6f3a000 	C:\WINDOWS\System32\ucrtbase.dll
0x00007ffca5eb0000 - 0x00007ffca6135000 	C:\WINDOWS\WinSxS\amd64_microsoft.windows.common-controls_6595b64144ccf1df_6.0.18362.720_none_e6beb5c51314836b\COMCTL32.dll
0x00007ffca9660000 - 0x00007ffca9996000 	C:\WINDOWS\System32\combase.dll
0x00007ffca6dc0000 - 0x00007ffca6e40000 	C:\WINDOWS\System32\bcryptPrimitives.dll
0x00007ffca9a60000 - 0x00007ffca9a8e000 	C:\WINDOWS\System32\IMM32.DLL
0x0000000061a40000 - 0x0000000061b12000 	C:\Program Files\Java\jdk1.8.0_181\jre\bin\msvcr100.dll
0x0000000061b20000 - 0x00000000623c2000 	C:\Program Files\Java\jdk1.8.0_181\jre\bin\server\jvm.dll
0x00007ffca8dd0000 - 0x00007ffca8dd8000 	C:\WINDOWS\System32\PSAPI.DLL
0x00007ffca36a0000 - 0x00007ffca36c4000 	C:\WINDOWS\SYSTEM32\WINMM.dll
0x00007ffc9a380000 - 0x00007ffc9a38a000 	C:\WINDOWS\SYSTEM32\VERSION.dll
0x00007ffc89ea0000 - 0x00007ffc89ea9000 	C:\WINDOWS\SYSTEM32\WSOCK32.dll
0x00007ffca9570000 - 0x00007ffca95df000 	C:\WINDOWS\System32\WS2_32.dll
0x00007ffca3670000 - 0x00007ffca369d000 	C:\WINDOWS\SYSTEM32\WINMMBASE.dll
0x00007ffca6d70000 - 0x00007ffca6dba000 	C:\WINDOWS\System32\cfgmgr32.dll
0x00000000619f0000 - 0x00000000619ff000 	C:\Program Files\Java\jdk1.8.0_181\jre\bin\verify.dll
0x00000000619c0000 - 0x00000000619e9000 	C:\Program Files\Java\jdk1.8.0_181\jre\bin\java.dll
0x00000000619a0000 - 0x00000000619b6000 	C:\Program Files\Java\jdk1.8.0_181\jre\bin\zip.dll

VM Arguments:
java_command: ad.minidrive.Xeral
java_class_path (initial): C:\Users\Hemihundias\Desktop\JAVA\MiniDrive\target\classes;C:\Users\Hemihundias\.m2\repository\org\postgresql\postgresql\42.2.9\postgresql-42.2.9.jar;C:\Users\Hemihundias\.m2\repository\com\google\code\gson\gson\2.8.5\gson-2.8.5.jar
Launcher Type: SUN_STANDARD

Environment Variables:
JAVA_HOME=C:\Program Files\Java\jdk1.8.0_181
PATH=C:\Program Files (x86)\Common Files\Oracle\Java\javapath;C:\WINDOWS\system32;C:\WINDOWS;C:\WINDOWS\System32\Wbem;C:\WINDOWS\System32\WindowsPowerShell\v1.0\;C:\WINDOWS\System32\OpenSSH\;C:\Program Files\Git\cmd;C:\Users\Hemihundias\AppData\Local\Microsoft\WindowsApps;C:\Users\Hemihundias\AppData\Local\GitHubDesktop\bin;C:\Program Files\JetBrains\IntelliJ IDEA 2019.2.3\bin;;C:\sqlite;;C:\Users\Hemihundias\AppData\Local\Microsoft\WindowsApps
USERNAME=Hemihundias
OS=Windows_NT
PROCESSOR_IDENTIFIER=Intel64 Family 6 Model 142 Stepping 10, GenuineIntel



---------------  S Y S T E M  ---------------

OS: Windows 10.0 , 64 bit Build 18362 (10.0.18362.329)

CPU:total 8 (initial active 8) (4 cores per cpu, 2 threads per core) family 6 model 142 stepping 10, cmov, cx8, fxsr, mmx, sse, sse2, sse3, ssse3, sse4.1, sse4.2, popcnt, avx, avx2, aes, clmul, erms, 3dnowpref, lzcnt, ht, tsc, tscinvbit, bmi1, bmi2, adx

Memory: 4k page, physical 16658532k(9305740k free), swap 47767300k(6076k free)

vm_info: Java HotSpot(TM) 64-Bit Server VM (25.181-b13) for windows-amd64 JRE (1.8.0_181-b13), built on Jul  7 2018 04:01:33 by "java_re" with MS VC++ 10.0 (VS2010)

time: Fri Apr 03 13:05:13 2020
elapsed time: 0 seconds (0d 0h 0m 0s)

